<?xml version="1.0" encoding="UTF-8"?>
<!-- Generated by org.testng.reporters.JUnitReportReporter -->
<testsuite hostname="DESKTOP-5HBRUB1" failures="0" tests="1" name="Include_DisableMethods.Include_Exclude1" time="0.016" errors="0" timestamp="2021-03-31T21:40:01 IST" skipped="0">
  <testcase classname="Include_DisableMethods.Include_Exclude1" name="sample2" time="0.016"/>
  <system-out>
Sample2  </system-out>
</testsuite> <!-- Include_DisableMethods.Include_Exclude1 -->
