<?xml version="1.0" encoding="UTF-8"?>
<!-- Generated by org.testng.reporters.JUnitReportReporter -->
<testsuite hostname="DESKTOP-5HBRUB1" failures="0" tests="2" name="ToRun_FailTestCases.RunOnlyFailTestCases" time="0.018" errors="0" timestamp="2021-03-31T19:06:49 IST" skipped="0">
  <testcase classname="ToRun_FailTestCases.RunOnlyFailTestCases" name="sample3" time="0.015"/>
  <system-out>
Test3 Fail  </system-out>
  <testcase classname="ToRun_FailTestCases.RunOnlyFailTestCases" name="sample4" time="0.003"/>
  <system-out>
Test4 Fail  </system-out>
</testsuite> <!-- ToRun_FailTestCases.RunOnlyFailTestCases -->
