<?xml version="1.0" encoding="UTF-8"?>
<!-- Generated by org.testng.reporters.JUnitReportReporter -->
<testsuite hostname="DESKTOP-5HBRUB1" failures="0" tests="1" name="Include_DisableMethods.IncludeEx" time="0.004" errors="0" timestamp="2021-03-31T21:10:58 IST" skipped="0">
  <testcase classname="Include_DisableMethods.IncludeEx" name="sample4" time="0.004"/>
  <system-out>
Sample4  </system-out>
</testsuite> <!-- Include_DisableMethods.IncludeEx -->
