<?xml version="1.0" encoding="UTF-8"?>
<!-- Generated by org.testng.reporters.JUnitReportReporter -->
<testsuite hostname="DESKTOP-5HBRUB1" failures="0" tests="7" name="Grouping_Tc.Grouping_TestCase2" time="0.029" errors="0" timestamp="2021-04-01T02:56:57 IST" skipped="0">
  <testcase classname="Grouping_Tc.Grouping_TestCase2" name="IntradayFirstSell" time="0.004"/>
  <system-out>
method5  </system-out>
  <testcase classname="Grouping_Tc.Grouping_TestCase2" name="intradaySell" time="0.003"/>
  <system-out>
Method 1  </system-out>
  <testcase classname="Grouping_Tc.Grouping_TestCase2" name="Dashboard" time="0.013"/>
  <system-out>
method 3  </system-out>
  <testcase classname="Grouping_Tc.Grouping_TestCase2" name="intradayBuy" time="0.002"/>
  <system-out>
method 2  </system-out>
  <testcase classname="Grouping_Tc.Grouping_TestCase2" name="positions" time="0.002"/>
  <system-out>
method4  </system-out>
  <testcase classname="Grouping_Tc.Grouping_TestCase2" name="IntradayFirstBuy" time="0.002"/>
  <system-out>
method5  </system-out>
  <testcase classname="Grouping_Tc.Grouping_TestCase2" name="Orders" time="0.003"/>
  <system-out>
method4  </system-out>
</testsuite> <!-- Grouping_Tc.Grouping_TestCase2 -->
