<?xml version="1.0" encoding="UTF-8"?>
<!-- Generated by org.testng.reporters.JUnitReportReporter -->
<testsuite hostname="DESKTOP-5HBRUB1" failures="0" tests="2" name="Grouping_Tc.Grouping_TestCase" time="0.016" errors="0" timestamp="2021-04-01T02:57:13 IST" skipped="0">
  <testcase classname="Grouping_Tc.Grouping_TestCase" name="method1" time="0.013"/>
  <system-out>
Method 1  </system-out>
  <testcase classname="Grouping_Tc.Grouping_TestCase" name="method2" time="0.003"/>
  <system-out>
method 2  </system-out>
</testsuite> <!-- Grouping_Tc.Grouping_TestCase -->
