<?xml version="1.0" encoding="UTF-8"?>
<!-- Generated by org.testng.reporters.JUnitReportReporter -->
<testsuite hostname="DESKTOP-5HBRUB1" failures="0" tests="3" name="testNG.invocation_testNG" time="0.005" errors="0" timestamp="2021-03-29T23:23:03 IST" skipped="1">
  <testcase classname="testNG.invocation_testNG" name="EnterPin" time="0.003"/>
  <system-out>
Enter Pin  </system-out>
  <testcase classname="testNG.invocation_testNG" name="EnterPin" time="0.002"/>
  <system-out>
Enter Pin  </system-out>
  <testcase classname="testNG.invocation_testNG" name="Home">
    <skipped/>
  </testcase> <!-- Home -->
  <system-out/>
</testsuite> <!-- testNG.invocation_testNG -->
