<?xml version="1.0" encoding="UTF-8"?>
<!-- Generated by org.testng.reporters.JUnitReportReporter -->
<testsuite hostname="DESKTOP-5HBRUB1" failures="0" tests="5" name="ToRun_FailTestCases.RunOnlyFailTestCases2" time="0.018" errors="0" timestamp="2021-03-31T20:40:20 IST" skipped="0">
  <testcase classname="ToRun_FailTestCases.RunOnlyFailTestCases2" name="sample32" time="0.003"/>
  <system-out>
Test32 Pass  </system-out>
  <testcase classname="ToRun_FailTestCases.RunOnlyFailTestCases2" name="sample55" time="0.003"/>
  <system-out>
Test35 Fail  </system-out>
  <testcase classname="ToRun_FailTestCases.RunOnlyFailTestCases2" name="sample44" time="0.002"/>
  <system-out>
Test34 Fail  </system-out>
  <testcase classname="ToRun_FailTestCases.RunOnlyFailTestCases2" name="sample31" time="0.008"/>
  <system-out>
Test31 Pass  </system-out>
  <testcase classname="ToRun_FailTestCases.RunOnlyFailTestCases2" name="sample33" time="0.002"/>
  <system-out>
Test33 Fail  </system-out>
</testsuite> <!-- ToRun_FailTestCases.RunOnlyFailTestCases2 -->
