<?xml version="1.0" encoding="UTF-8"?>
<!-- Generated by org.testng.reporters.JUnitReportReporter -->
<testsuite hostname="DESKTOP-5HBRUB1" failures="0" tests="2" name="Include_DisableMethods.Include_Exclude3" time="0.008" errors="0" timestamp="2021-03-31T21:40:01 IST" skipped="0">
  <testcase classname="Include_DisableMethods.Include_Exclude3" name="sample21" time="0.004"/>
  <system-out>
Sample1  </system-out>
  <testcase classname="Include_DisableMethods.Include_Exclude3" name="sample23" time="0.004"/>
  <system-out>
Sample3  </system-out>
</testsuite> <!-- Include_DisableMethods.Include_Exclude3 -->
