<?xml version="1.0" encoding="UTF-8"?>
<!-- Generated by org.testng.reporters.JUnitReportReporter -->
<testsuite hostname="DESKTOP-5HBRUB1" failures="0" tests="1" name="testNG.testNG_Annotations" time="0.005" errors="0" timestamp="2021-03-29T23:23:04 IST" skipped="0">
  <testcase classname="testNG.testNG_Annotations" name="EnterPIN" time="0.005"/>
  <system-out>
Enter PIN  </system-out>
</testsuite> <!-- testNG.testNG_Annotations -->
