<?xml version="1.0" encoding="UTF-8"?>
<!-- Generated by org.testng.reporters.JUnitReportReporter -->
<testsuite hostname="DESKTOP-5HBRUB1" failures="0" tests="1" name="BaseCLass_UtilityClass.KiteVerifyUidTest" time="14.687" errors="0" timestamp="2021-04-06T22:26:32 IST" skipped="0">
  <testcase classname="BaseCLass_UtilityClass.KiteVerifyUidTest" name="verifyPin" time="14.687"/>
  <system-out/>
</testsuite> <!-- BaseCLass_UtilityClass.KiteVerifyUidTest -->
