<?xml version="1.0" encoding="UTF-8"?>
<!-- Generated by org.testng.reporters.JUnitReportReporter -->
<testsuite hostname="DESKTOP-5HBRUB1" failures="0" tests="5" name="ToRun_FailTestCases.RunOnlyFailTestCases1" time="0.028" errors="0" timestamp="2021-03-31T20:40:20 IST" skipped="0">
  <testcase classname="ToRun_FailTestCases.RunOnlyFailTestCases1" name="sample2" time="0.005"/>
  <system-out>
Test2 Pass  </system-out>
  <testcase classname="ToRun_FailTestCases.RunOnlyFailTestCases1" name="sample5" time="0.004"/>
  <system-out>
Test5 Pass  </system-out>
  <testcase classname="ToRun_FailTestCases.RunOnlyFailTestCases1" name="sample4" time="0.003"/>
  <system-out>
Test4 Fail  </system-out>
  <testcase classname="ToRun_FailTestCases.RunOnlyFailTestCases1" name="sample1" time="0.013"/>
  <system-out>
Test1 Pass  </system-out>
  <testcase classname="ToRun_FailTestCases.RunOnlyFailTestCases1" name="sample3" time="0.003"/>
  <system-out>
Test3 Fail  </system-out>
</testsuite> <!-- ToRun_FailTestCases.RunOnlyFailTestCases1 -->
