<?xml version="1.0" encoding="UTF-8"?>
<!-- Generated by org.testng.reporters.JUnitReportReporter -->
<testsuite hostname="DESKTOP-5HBRUB1" failures="0" tests="1" name="ProjectImplimentation.KiteTest" time="7.277" errors="0" timestamp="2021-04-03T19:43:56 IST" skipped="0">
  <testcase classname="ProjectImplimentation.KiteTest" name="verifyPin" time="7.277"/>
  <system-out/>
</testsuite> <!-- ProjectImplimentation.KiteTest -->
