<?xml version="1.0" encoding="UTF-8"?>
<!-- Generated by org.testng.reporters.JUnitReportReporter -->
<testsuite hostname="DESKTOP-5HBRUB1" failures="0" tests="1" name="Test_Suite.LoginTest2" time="0.002" errors="0" timestamp="2021-03-31T20:35:32 IST" skipped="0">
  <testcase classname="Test_Suite.LoginTest2" name="cpin" time="0.002"/>
  <system-out>
pin entered successfully  </system-out>
</testsuite> <!-- Test_Suite.LoginTest2 -->
