<?xml version="1.0" encoding="UTF-8"?>
<!-- Generated by org.testng.reporters.JUnitReportReporter -->
<testsuite hostname="DESKTOP-5HBRUB1" failures="0" tests="1" name="Kite_Zerodha.testNGExample" time="11.912" errors="0" timestamp="2021-03-29T23:23:04 IST" skipped="0">
  <testcase classname="Kite_Zerodha.testNGExample" name="LoginPage" time="11.912"/>
  <system-out/>
</testsuite> <!-- Kite_Zerodha.testNGExample -->
