<?xml version="1.0" encoding="UTF-8"?>
<!-- Generated by org.testng.reporters.JUnitReportReporter -->
<testsuite hostname="DESKTOP-5HBRUB1" failures="0" tests="1" name="Kite_testNG.LoginTest" time="17.937" errors="0" timestamp="2021-03-31T00:14:44 IST" skipped="0">
  <testcase classname="Kite_testNG.LoginTest" name="verifyUserId" time="17.937"/>
  <system-out>
User verify DV15100User verify Kulkarni Vijay BharattUserName verify  </system-out>
</testsuite> <!-- Kite_testNG.LoginTest -->
