<?xml version="1.0" encoding="UTF-8"?>
<!-- Generated by org.testng.reporters.JUnitReportReporter -->
<testsuite hostname="DESKTOP-5HBRUB1" failures="0" tests="1" name="testNG.testNGExample" time="9.005" errors="0" timestamp="2021-03-26T19:25:22 IST" skipped="0">
  <testcase classname="testNG.testNGExample" name="LoginPage" time="9.005"/>
  <system-out/>
</testsuite> <!-- testNG.testNGExample -->
