<?xml version="1.0" encoding="UTF-8"?>
<!-- Generated by org.testng.reporters.JUnitReportReporter -->
<testsuite hostname="DESKTOP-5HBRUB1" failures="0" tests="5" name="ToRun_FailTestCases.ToRun_FailTestCases3" time="0.013" errors="0" timestamp="2021-03-31T20:40:20 IST" skipped="0">
  <testcase classname="ToRun_FailTestCases.ToRun_FailTestCases3" name="sample22" time="0.001"/>
  <system-out>
Test22 Fail  </system-out>
  <testcase classname="ToRun_FailTestCases.ToRun_FailTestCases3" name="sample24" time="0.003"/>
  <system-out>
Tes24 Fail  </system-out>
  <testcase classname="ToRun_FailTestCases.ToRun_FailTestCases3" name="sample23" time="0.005"/>
  <system-out>
Tes23 Fail  </system-out>
  <testcase classname="ToRun_FailTestCases.ToRun_FailTestCases3" name="sample20" time="0.002"/>
  <system-out>
Test21 Pass  </system-out>
  <testcase classname="ToRun_FailTestCases.ToRun_FailTestCases3" name="sample21" time="0.002"/>
  <system-out>
Test22 Pass  </system-out>
</testsuite> <!-- ToRun_FailTestCases.ToRun_FailTestCases3 -->
