<?xml version="1.0" encoding="UTF-8"?>
<!-- Generated by org.testng.reporters.JUnitReportReporter -->
<testsuite hostname="DESKTOP-5HBRUB1" failures="0" tests="1" name="Test_Suite.Homepage" time="0.008" errors="0" timestamp="2021-03-31T20:35:32 IST" skipped="0">
  <testcase classname="Test_Suite.Homepage" name="zhomepage" time="0.008"/>
  <system-out>
homepage open successfully  </system-out>
</testsuite> <!-- Test_Suite.Homepage -->
