<?xml version="1.0" encoding="UTF-8"?>
<!-- Generated by org.testng.reporters.JUnitReportReporter -->
<testsuite hostname="DESKTOP-5HBRUB1" failures="0" tests="3" name="testNG.testNG_Priority" time="0.005" errors="0" timestamp="2021-03-29T23:23:04 IST" skipped="0">
  <testcase classname="testNG.testNG_Priority" name="EnterPIN" time="0.003"/>
  <system-out>
Enter pin  </system-out>
  <testcase classname="testNG.testNG_Priority" name="Clickcarerr" time="0.001"/>
  <system-out>
clicking on home  </system-out>
  <testcase classname="testNG.testNG_Priority" name="ClickAbout" time="0.001"/>
  <system-out>
clicking on About  </system-out>
</testsuite> <!-- testNG.testNG_Priority -->
