<?xml version="1.0" encoding="UTF-8"?>
<!-- Generated by org.testng.reporters.JUnitReportReporter -->
<testsuite hostname="DESKTOP-5HBRUB1" failures="0" tests="1" name="ParallelExecution" time="7.334" errors="0" timestamp="2021-04-02T22:56:44 IST" skipped="0">
  <testcase classname="ParallelExecution" name="google" time="7.334"/>
  <system-out/>
</testsuite> <!-- ParallelExecution -->
